<?xml version="1.0" encoding="UTF-8"?>
<testng-results ignored="0" total="4" passed="4" failed="0" skipped="0">
  <reporter-output>
  </reporter-output>
  <suite started-at="2021-01-21T12:33:48Z" name="Default suite" finished-at="2021-01-21T12:34:51Z" duration-ms="62542">
    <groups>
    </groups>
    <test started-at="2021-01-21T12:33:48Z" name="Default test" finished-at="2021-01-21T12:34:51Z" duration-ms="62542">
      <class name="testingproject.ChromeTest">
        <test-method is-config="true" signature="setup()[pri:0, instance:testingproject.ChromeTest@576d5deb]" started-at="2021-01-21T18:03:48Z" name="setup" finished-at="2021-01-21T18:03:52Z" duration-ms="3805" status="PASS">
          <reporter-output>
          </reporter-output>
        </test-method> <!-- setup -->
        <test-method signature="test(java.lang.String, java.lang.String, java.lang.String)[pri:0, instance:testingproject.ChromeTest@576d5deb]" started-at="2021-01-21T18:03:52Z" name="test" data-provider="TestData" finished-at="2021-01-21T18:04:10Z" duration-ms="17256" status="PASS">
          <params>
            <param index="0">
              <value>
                <![CDATA[Patna]]>
              </value>
            </param>
            <param index="1">
              <value>
                <![CDATA[Pune]]>
              </value>
            </param>
            <param index="2">
              <value>
                <![CDATA[20210121]]>
              </value>
            </param>
          </params>
          <reporter-output>
          </reporter-output>
        </test-method> <!-- test -->
        <test-method signature="test(java.lang.String, java.lang.String, java.lang.String)[pri:0, instance:testingproject.ChromeTest@576d5deb]" started-at="2021-01-21T18:04:10Z" name="test" data-provider="TestData" finished-at="2021-01-21T18:04:24Z" duration-ms="13860" status="PASS">
          <params>
            <param index="0">
              <value>
                <![CDATA[Pune]]>
              </value>
            </param>
            <param index="1">
              <value>
                <![CDATA[Patna]]>
              </value>
            </param>
            <param index="2">
              <value>
                <![CDATA[20210122]]>
              </value>
            </param>
          </params>
          <reporter-output>
          </reporter-output>
        </test-method> <!-- test -->
        <test-method signature="test(java.lang.String, java.lang.String, java.lang.String)[pri:0, instance:testingproject.ChromeTest@576d5deb]" started-at="2021-01-21T18:04:24Z" name="test" data-provider="TestData" finished-at="2021-01-21T18:04:37Z" duration-ms="13366" status="PASS">
          <params>
            <param index="0">
              <value>
                <![CDATA[Patna]]>
              </value>
            </param>
            <param index="1">
              <value>
                <![CDATA[Delhi]]>
              </value>
            </param>
            <param index="2">
              <value>
                <![CDATA[20210126]]>
              </value>
            </param>
          </params>
          <reporter-output>
          </reporter-output>
        </test-method> <!-- test -->
        <test-method signature="test(java.lang.String, java.lang.String, java.lang.String)[pri:0, instance:testingproject.ChromeTest@576d5deb]" started-at="2021-01-21T18:04:37Z" name="test" data-provider="TestData" finished-at="2021-01-21T18:04:50Z" duration-ms="13305" status="PASS">
          <params>
            <param index="0">
              <value>
                <![CDATA[Delhi]]>
              </value>
            </param>
            <param index="1">
              <value>
                <![CDATA[Patna]]>
              </value>
            </param>
            <param index="2">
              <value>
                <![CDATA[20210128]]>
              </value>
            </param>
          </params>
          <reporter-output>
          </reporter-output>
        </test-method> <!-- test -->
        <test-method is-config="true" signature="teardown()[pri:0, instance:testingproject.ChromeTest@576d5deb]" started-at="2021-01-21T18:04:50Z" name="teardown" finished-at="2021-01-21T18:04:51Z" duration-ms="473" status="PASS">
          <reporter-output>
          </reporter-output>
        </test-method> <!-- teardown -->
      </class> <!-- testingproject.ChromeTest -->
    </test> <!-- Default test -->
  </suite> <!-- Default suite -->
</testng-results>
