<?xml version="1.0" encoding="UTF-8"?>
<!-- Generated by org.testng.reporters.JUnitXMLReporter -->
<testsuite ignored="0" hostname="DESKTOP-UVUN50M" failures="0" tests="4" name="Default test" time="62.542" errors="0" timestamp="21 Jan 2021 12:34:51 GMT">
  <testcase classname="testingproject.ChromeTest" name="test" time="17.256"/>
  <testcase classname="testingproject.ChromeTest" name="test" time="13.86"/>
  <testcase classname="testingproject.ChromeTest" name="test" time="13.366"/>
  <testcase classname="testingproject.ChromeTest" name="test" time="13.305"/>
</testsuite> <!-- Default test -->
